<?xml version="1.0" encoding="UTF-8"?>
<testng-results skipped="0" failed="0" total="1" passed="1">
  <reporter-output>
  </reporter-output>
  <suite name="Default suite" duration-ms="13130" started-at="2020-11-24T14:53:45Z" finished-at="2020-11-24T14:53:58Z">
    <groups>
    </groups>
    <test name="Default test" duration-ms="13130" started-at="2020-11-24T14:53:45Z" finished-at="2020-11-24T14:53:58Z">
      <class name="AdvancedReport.AdvancedReport.ExtentDemo">
        <test-method status="PASS" signature="startTest()[pri:0, instance:AdvancedReport.AdvancedReport.ExtentDemo@14acaea5]" name="startTest" is-config="true" duration-ms="103" started-at="2020-11-24T20:23:45Z" finished-at="2020-11-24T20:23:45Z">
          <reporter-output>
          </reporter-output>
        </test-method> <!-- startTest -->
        <test-method status="PASS" signature="extentReportsDemo()[pri:0, instance:AdvancedReport.AdvancedReport.ExtentDemo@14acaea5]" name="extentReportsDemo" duration-ms="8331" started-at="2020-11-24T20:23:45Z" finished-at="2020-11-24T20:23:53Z">
          <reporter-output>
          </reporter-output>
        </test-method> <!-- extentReportsDemo -->
        <test-method status="PASS" signature="endTest()[pri:0, instance:AdvancedReport.AdvancedReport.ExtentDemo@14acaea5]" name="endTest" is-config="true" duration-ms="4681" started-at="2020-11-24T20:23:53Z" finished-at="2020-11-24T20:23:58Z">
          <reporter-output>
          </reporter-output>
        </test-method> <!-- endTest -->
      </class> <!-- AdvancedReport.AdvancedReport.ExtentDemo -->
    </test> <!-- Default test -->
  </suite> <!-- Default suite -->
</testng-results>
